2022-12-24 11:03:58 INFO  Add, ID=0, 4 139 600 
2022-12-24 11:03:58 INFO  Add, ID=1, 29 200 
2022-12-24 11:03:58 INFO  Add, ID=2, 27 400 
2022-12-24 11:03:58 INFO  Add, ID=3, 19 400 
2022-12-24 11:03:58 INFO  Add, ID=4, 16 700 
2022-12-24 11:03:58 INFO  Add, ID=5, 13 800 
2022-12-24 11:03:58 INFO  Add, ID=6, 14 600 
2022-12-24 11:03:58 INFO  Add, ID=7, 15 600 
2022-12-24 11:03:58 INFO  Add, ID=8, 12 900 
2022-12-24 11:03:58 INFO  Add, ID=9, 13 800 
2022-12-24 11:03:58 INFO  Add, ID=10, 14 200 
2022-12-24 11:03:58 INFO  AddTotalCount = 10 
2022-12-24 11:03:58 INFO  AddTotalTime = 4317200 
2022-12-24 11:03:58 INFO  AddMedianTime = 431720 
2022-12-24 11:03:58 INFO  RemoveTotalCount = 1 
2022-12-24 11:03:58 INFO  RemoveTotalTime = 4 300 
2022-12-24 11:03:58 INFO  RemoveMedianTime = 4 300 
2022-12-24 11:03:58 INFO  LinkedList 
2022-12-24 11:03:58 INFO  Add, ID=0, 125 000 
2022-12-24 11:03:58 INFO  Add, ID=1, 26 800 
2022-12-24 11:03:58 INFO  Add, ID=2, 19 100 
2022-12-24 11:03:58 INFO  Add, ID=3, 15 800 
2022-12-24 11:03:58 INFO  Add, ID=4, 20 300 
2022-12-24 11:03:58 INFO  Add, ID=5, 20 900 
2022-12-24 11:03:58 INFO  Add, ID=6, 18 900 
2022-12-24 11:03:58 INFO  Add, ID=7, 22 900 
2022-12-24 11:03:58 INFO  Add, ID=8, 13 100 
2022-12-24 11:03:58 INFO  Add, ID=9, 11 900 
2022-12-24 11:03:58 INFO  Add, ID=10, 17 800 
2022-12-24 11:03:58 INFO  AddTotalCount = 10 
2022-12-24 11:03:58 INFO  AddTotalTime = 312500 
2022-12-24 11:03:58 INFO  AddMedianTime = 31250 
2022-12-24 11:03:58 INFO  Remove, ID=9, 9 300 
2022-12-24 11:03:58 INFO  RemoveTotalCount = 1 
2022-12-24 11:03:58 INFO  RemoveTotalTime = 9 300 
2022-12-24 11:03:58 INFO  RemoveMedianTime = 9 300 
